
=== Mon Feb  8 22:13:36 2021

Packages were changed.
Update Mode: mergeDefaultDependencies

The following packages were added:
  com.unity.ext.nunit@1.0.0
  com.unity.test-framework@1.0.16
  com.unity.ide.vscode@1.0.7
  com.unity.ide.visualstudio@1.0.11
  com.unity.ide.rider@1.0.8
  com.unity.ugui@1.0.0
  com.unity.modules.androidjni@1.0.0
The following packages were updated:
  com.unity.collab-proxy from version 1.2.9 to 1.2.16
  com.unity.textmeshpro from version 2.0.0 to 2.0.1
  com.unity.timeline from version 0.0.0-builtin to 1.1.0

=== Wed Mar 31 21:17:13 2021

Packages were changed.
Update Mode: updateDependencies

The following packages were updated:
  com.unity.ext.nunit from version 1.0.0 to 1.0.6
  com.unity.ide.rider from version 1.0.8 to 1.1.4
  com.unity.ide.vscode from version 1.0.7 to 1.2.3
  com.unity.test-framework from version 1.0.16 to 1.1.22
  com.unity.timeline from version 1.1.0 to 1.2.18

=== Wed Mar 31 23:33:41 2021

Packages were changed.
Update Mode: resetToDefaultDependencies

The following packages were updated:
  com.unity.ext.nunit from version 1.0.6 to 1.0.0
  com.unity.test-framework from version 1.1.22 to 1.0.16
  com.unity.timeline from version 1.2.18 to 1.1.0
  com.unity.ide.vscode from version 1.2.3 to 1.0.7
  com.unity.ide.rider from version 1.1.4 to 1.0.8

=== Thu Apr  8 21:54:24 2021

Packages were changed.
Update Mode: updateDependencies

The following packages were updated:
  com.unity.ext.nunit from version 1.0.0 to 1.0.6
  com.unity.ide.rider from version 1.0.8 to 1.1.4
  com.unity.ide.vscode from version 1.0.7 to 1.2.3
  com.unity.test-framework from version 1.0.16 to 1.1.22
  com.unity.timeline from version 1.1.0 to 1.2.18
